_Presentation/CourtBooking/app/build/intermediates/manifest_merge_blame_file/debug/manifest-merger-blame-debug-report.txt
1<?xml version="1.0" encoding="utf-8"?>
2<manifest xmlns:android="http://schemas.android.com/apk/res/android"
3    package="com.example.courtbooking"
4    android:versionCode="1"
5    android:versionName="1.0" >
6
7    <uses-sdk
8        android:minSdkVersion="28"
8-->src/main/AndroidManifest.xml
9        android:targetSdkVersion="29" />
9-->src/main/AndroidManifest.xml
10
11    <uses-permission android:name="android.permission.ACCESS_NETWORK_STATE" />
11-->src/main/AndroidManifest.xml:5:5-79
11-->src/main/AndroidManifest.xml:5:22-76
12    <uses-permission android:name="android.permission.INTERNET" />
12-->src/main/AndroidManifest.xml:6:5-67
12-->src/main/AndroidManifest.xml:6:22-64
13    <uses-permission android:name="com.google.android.finsky.permission.BIND_GET_INSTALL_REFERRER_SERVICE" />
13-->[com.android.installreferrer:installreferrer:1.0] AndroidManifest.xml:9:5-110
13-->[com.android.installreferrer:installreferrer:1.0] AndroidManifest.xml:9:22-107
14
15    <application
15-->src/main/AndroidManifest.xml:8:5-63:19
16        android:allowBackup="true"
16-->src/main/AndroidManifest.xml:9:9-35
17        android:appComponentFactory="androidx.core.app.CoreComponentFactory"
17-->[androidx.core:core:1.2.0] AndroidManifest.xml:24:18-86
18        android:debuggable="true"
19        android:extractNativeLibs="false"
20        android:icon="@mipmap/ic_launcher"
20-->src/main/AndroidManifest.xml:10:9-43
21        android:label="@string/app_name"
21-->src/main/AndroidManifest.xml:11:9-41
22        android:roundIcon="@mipmap/ic_launcher_round"
22-->src/main/AndroidManifest.xml:12:9-54
23        android:supportsRtl="true"
23-->src/main/AndroidManifest.xml:13:9-35
24        android:testOnly="true"
25        android:theme="@style/AppTheme"
25-->src/main/AndroidManifest.xml:14:9-40
26        android:usesCleartextTraffic="true" >
26-->src/main/AndroidManifest.xml:15:9-44
27        <activity
27-->src/main/AndroidManifest.xml:16:9-20:20
28            android:name="com.example.courtbooking.CreateBookingActivity"
28-->src/main/AndroidManifest.xml:17:13-50
29            android:label="Create A Booking" >
29-->src/main/AndroidManifest.xml:18:13-45
30        </activity>
31        <activity
31-->src/main/AndroidManifest.xml:21:9-23:43
32            android:name="com.example.courtbooking.PlayerBookingActivity"
32-->src/main/AndroidManifest.xml:22:13-50
33            android:label="My Bookings" />
33-->src/main/AndroidManifest.xml:23:13-40
34        <activity
34-->src/main/AndroidManifest.xml:24:9-26:47
35            android:name="com.example.courtbooking.CenterActivity"
35-->src/main/AndroidManifest.xml:25:13-43
36            android:label="Center Activity" />
36-->src/main/AndroidManifest.xml:26:13-44
37        <activity
37-->src/main/AndroidManifest.xml:27:9-29:47
38            android:name="com.example.courtbooking.CitySlotActivity"
38-->src/main/AndroidManifest.xml:28:13-45
39            android:label="Available Slots" />
39-->src/main/AndroidManifest.xml:29:13-44
40        <activity
40-->src/main/AndroidManifest.xml:30:9-38:20
41            android:name="com.example.courtbooking.LoginActivity"
41-->src/main/AndroidManifest.xml:31:13-42
42            android:theme="@style/AppTheme.NoActionBar" >
42-->src/main/AndroidManifest.xml:32:13-56
43            <intent-filter>
43-->src/main/AndroidManifest.xml:33:13-37:29
44                <action android:name="android.intent.action.MAIN" />
44-->src/main/AndroidManifest.xml:34:17-69
44-->src/main/AndroidManifest.xml:34:25-66
45
46                <category android:name="android.intent.category.LAUNCHER" />
46-->src/main/AndroidManifest.xml:36:17-77
46-->src/main/AndroidManifest.xml:36:27-74
47            </intent-filter>
48        </activity>
49        <activity
49-->src/main/AndroidManifest.xml:39:9-41:59
50            android:name="com.example.courtbooking.SelectionActivity"
50-->src/main/AndroidManifest.xml:40:13-46
51            android:theme="@style/AppTheme.NoActionBar" />
51-->src/main/AndroidManifest.xml:41:13-56
52
53        <meta-data
53-->src/main/AndroidManifest.xml:43:9-45:55
54            android:name="com.facebook.sdk.ApplicationId"
54-->src/main/AndroidManifest.xml:44:13-58
55            android:value="@string/facebook_app_id" />
55-->src/main/AndroidManifest.xml:45:13-52
56
57        <activity
57-->src/main/AndroidManifest.xml:47:9-50:48
58            android:name="com.facebook.FacebookActivity"
58-->src/main/AndroidManifest.xml:48:13-57
59            android:configChanges="keyboard|keyboardHidden|screenLayout|screenSize|orientation"
59-->src/main/AndroidManifest.xml:49:13-96
60            android:label="@string/app_name"
60-->src/main/AndroidManifest.xml:50:13-45
61            android:theme="@style/com_facebook_activity_theme" />
61-->[com.facebook.android:facebook-common:5.15.3] AndroidManifest.xml:33:13-63
62        <activity
62-->src/main/AndroidManifest.xml:51:9-62:20
63            android:name="com.facebook.CustomTabActivity"
63-->src/main/AndroidManifest.xml:52:13-58
64            android:exported="true" >
64-->src/main/AndroidManifest.xml:53:13-36
65            <intent-filter>
65-->src/main/AndroidManifest.xml:54:13-61:29
66                <action android:name="android.intent.action.VIEW" />
66-->src/main/AndroidManifest.xml:55:17-69
66-->src/main/AndroidManifest.xml:55:25-66
67
68                <category android:name="android.intent.category.DEFAULT" />
68-->src/main/AndroidManifest.xml:57:17-76
68-->src/main/AndroidManifest.xml:57:27-73
69                <category android:name="android.intent.category.BROWSABLE" />
69-->src/main/AndroidManifest.xml:58:17-78
69-->src/main/AndroidManifest.xml:58:27-75
70
71                <data android:scheme="@string/fb_login_protocol_scheme" />
71-->src/main/AndroidManifest.xml:60:17-75
71-->src/main/AndroidManifest.xml:60:23-72
72            </intent-filter>
73            <intent-filter>
73-->[com.facebook.android:facebook-common:5.15.3] AndroidManifest.xml:39:13-48:29
74                <action android:name="android.intent.action.VIEW" />
74-->src/main/AndroidManifest.xml:55:17-69
74-->src/main/AndroidManifest.xml:55:25-66
75
76                <category android:name="android.intent.category.DEFAULT" />
76-->src/main/AndroidManifest.xml:57:17-76
76-->src/main/AndroidManifest.xml:57:27-73
77                <category android:name="android.intent.category.BROWSABLE" />
77-->src/main/AndroidManifest.xml:58:17-78
77-->src/main/AndroidManifest.xml:58:27-75
78
79                <data
79-->src/main/AndroidManifest.xml:60:17-75
80                    android:host="cct.com.example.courtbooking"
81                    android:scheme="fbconnect" />
81-->src/main/AndroidManifest.xml:60:23-72
82            </intent-filter>
83        </activity>
84        <activity android:name="com.facebook.CustomTabMainActivity" />
84-->[com.facebook.android:facebook-common:5.15.3] AndroidManifest.xml:34:9-71
84-->[com.facebook.android:facebook-common:5.15.3] AndroidManifest.xml:34:19-68
85
86        <provider
86-->[com.squareup.picasso:picasso:2.71828] AndroidManifest.xml:8:9-11:40
87            android:name="com.squareup.picasso.PicassoProvider"
87-->[com.squareup.picasso:picasso:2.71828] AndroidManifest.xml:9:13-64
88            android:authorities="com.example.courtbooking.com.squareup.picasso"
88-->[com.squareup.picasso:picasso:2.71828] AndroidManifest.xml:10:13-72
89            android:exported="false" />
89-->[com.squareup.picasso:picasso:2.71828] AndroidManifest.xml:11:13-37
90        <!--
91         The initialization ContentProvider will call FacebookSdk.sdkInitialize automatically
92         with the application context. This config is merged in with the host app's manifest,
93         but there can only be one provider with the same authority activated at any given
94         point; so if the end user has two or more different apps that use Facebook SDK, only the
95         first one will be able to use the provider. To work around this problem, we use the
96         following placeholder in the authority to identify each host application as if it was
97         a completely different provider.
98        -->
99        <provider
99-->[com.facebook.android:facebook-core:5.15.3] AndroidManifest.xml:39:9-42:40
100            android:name="com.facebook.internal.FacebookInitProvider"
100-->[com.facebook.android:facebook-core:5.15.3] AndroidManifest.xml:40:13-70
101            android:authorities="com.example.courtbooking.FacebookInitProvider"
101-->[com.facebook.android:facebook-core:5.15.3] AndroidManifest.xml:41:13-72
102            android:exported="false" />
102-->[com.facebook.android:facebook-core:5.15.3] AndroidManifest.xml:42:13-37
103
104        <receiver
104-->[com.facebook.android:facebook-core:5.15.3] AndroidManifest.xml:44:9-50:20
105            android:name="com.facebook.CurrentAccessTokenExpirationBroadcastReceiver"
105-->[com.facebook.android:facebook-core:5.15.3] AndroidManifest.xml:45:13-86
106            android:exported="false" >
106-->[com.facebook.android:facebook-core:5.15.3] AndroidManifest.xml:46:13-37
107            <intent-filter>
107-->[com.facebook.android:facebook-core:5.15.3] AndroidManifest.xml:47:13-49:29
108                <action android:name="com.facebook.sdk.ACTION_CURRENT_ACCESS_TOKEN_CHANGED" />
108-->[com.facebook.android:facebook-core:5.15.3] AndroidManifest.xml:48:17-95
108-->[com.facebook.android:facebook-core:5.15.3] AndroidManifest.xml:48:25-92
109            </intent-filter>
110        </receiver>
111    </application>
112
113</manifest>